2016-04-10 14:45:09,541 ----------========== Starting session! ==========----------
2016-04-10 14:45:09,567 Display initialized
2016-04-10 14:48:01,075 ----------========== Starting session! ==========----------
2016-04-10 14:48:01,127 Display initialized
2016-04-10 14:50:30,857 ----------========== Starting session! ==========----------
2016-04-10 14:50:30,909 Display initialized
2016-04-10 14:54:46,544 ----------========== Starting session! ==========----------
2016-04-10 14:54:46,584 Display initialized
2016-04-10 14:57:14,236 ----------========== Starting session! ==========----------
2016-04-10 14:57:14,296 Display initialized
2016-04-10 15:11:18,470 ----------========== Starting session! ==========----------
2016-04-10 15:11:18,497 Display initialized
2016-04-10 15:13:39,817 ----------========== Starting session! ==========----------
2016-04-10 15:13:39,846 Display initialized
2016-04-10 16:06:46,949 ----------========== Starting session! ==========----------
2016-04-10 16:06:46,975 Display initialized
2016-04-10 16:30:08,881 ----------========== Starting session! ==========----------
2016-04-10 16:30:08,904 Display initialized
2016-04-10 16:30:27,023 Break start - 6510822530210
2016-04-10 16:30:41,399 Break start - 6510822530210
2016-04-10 16:30:48,004 Break start - 1492091336109
2016-04-12 02:11:24,956 ----------========== Starting session! ==========----------
2016-04-12 02:11:24,984 Display initialized
2016-04-12 02:11:36,014 Break start - 6510822530210
2016-04-12 02:11:54,317 Break start - 6510822530210
2016-04-12 02:12:04,508 Break start - 6510822530210
2016-04-12 02:12:13,819 Break start - 6510822530210
2016-04-12 02:12:25,065 Break end - 6510822530210
2016-04-12 02:13:11,094 Break end - 6510822530210
2016-04-12 02:13:14,609 Break start - 6510822530210
2016-04-12 02:13:20,619 Break end - 6510822530210
2016-04-12 02:13:23,625 Break start - 6510822530210
2016-04-12 02:14:11,134 Break start - 6510822530210
2016-04-12 02:14:15,151 Break end - 6510822530210
2016-04-12 02:16:42,823 Break end - 6510822530210
2016-04-12 02:18:26,647 ----------========== Starting session! ==========----------
2016-04-12 02:18:26,664 Display initialized
2016-04-12 02:18:32,396 Break start - 6510822530210
2016-04-12 10:28:24,587 ----------========== Starting session! ==========----------
2016-04-12 10:28:24,606 Display initialized
2016-04-12 10:28:52,135 Break start - 6510822530210
2016-04-12 10:40:15,623 ----------========== Starting session! ==========----------
2016-04-12 10:40:15,642 Display initialized
2016-04-12 10:40:20,141 Break start - 6510822530210
2016-04-12 10:40:28,134 Deleting last action - 6510822530210
2016-04-12 10:40:28,199  - Deleting canceled
2016-04-12 10:40:39,290 Deleting last action - 6510822530210
2016-04-12 10:40:39,359  - Deleting canceled
2016-04-12 10:40:46,090 Deleting last action - 6510822530210
2016-04-12 10:40:46,148  - Deleting canceled
2016-04-12 10:40:49,948 Break start - 6510822530210
2016-04-12 10:41:17,314 Break start - 6510822530210
2016-04-12 10:41:21,416 Deleting last action - 6510822530210
2016-04-12 10:41:21,473  - Deleting canceled
2016-04-12 10:41:29,862 Break start - 6510822530210
2016-04-12 10:41:39,223 Break start - 6510822530210
2016-04-12 10:41:45,978 Incomming - 6510822530210
2016-04-12 10:41:49,473 Outcomming - 6510822530210
2016-04-12 11:20:08,718 ----------========== Starting session! ==========----------
2016-04-12 11:20:08,740 Display initialized
2016-04-12 11:20:42,102 Break start - 6510822530210
2016-04-12 11:21:47,739 Break end - 6510822530210
2016-04-12 12:58:05,269 ----------========== Starting session! ==========----------
2016-04-12 12:58:05,290 Display initialized
2016-04-12 12:58:29,466 Incomming - 6510822530210
2016-04-12 12:58:37,132 Outcomming - 6510822530210
2016-04-12 16:18:32,516 ----------========== Starting session! ==========----------
2016-04-12 16:18:32,545 Display initialized
2016-04-12 16:18:42,068 Incomming - 6510822530210
2016-04-12 16:22:03,136 Outcomming - 6510822530210
2016-04-12 16:41:35,482 ----------========== Starting session! ==========----------
2016-04-12 16:41:35,497 Display initialized
2016-04-12 16:41:49,467 Incomming - 6510822530210
2016-04-12 16:41:53,052 Incomming - 6510822530210
2016-04-12 16:41:56,313 Outcomming - 6510822530210
2016-04-12 18:11:16,211 Incomming - 6510822530210
2016-04-15 09:55:13,495 ----------========== Starting session! ==========----------
2016-04-15 09:55:13,526 Display initialized
2016-04-15 09:55:31,797 Incomming - 6510822530210
2016-04-15 09:55:39,590 Outcomming - 6510822530210
2016-04-26 15:38:46,310 ----------========== Starting session! ==========----------
2016-04-26 15:38:46,330 Display initialized
2016-04-26 15:39:02,636 Incomming - 1492091336109
2016-04-26 15:39:12,468 Incomming - 6510822530210
2016-04-26 16:41:36,475 Incomming - 6510822530210
2016-07-05 14:47:18,637 ----------========== Starting session! ==========----------
2016-07-05 14:47:18,657 Display initialized
2016-07-05 14:52:16,277 Break start - 6510822530210
2016-07-05 14:52:21,571 Break start - 6510822530210
2016-07-05 15:27:30,548 ----------========== Starting session! ==========----------
2016-07-05 15:27:30,566 Display initialized
2016-07-05 15:27:38,068 Break start - 6510822530210
2016-07-05 15:27:44,733 Break start - 6510822530210
2016-07-05 15:30:35,373 Break start - 6510822530210
2016-07-05 15:30:41,135 Break end - 6510822530210
2016-07-05 17:15:26,541 Break start - 6510822530210
2016-07-05 17:23:39,790 Incomming - 6510822530210
2016-07-05 17:36:22,602 Break start - 6510822530210
2016-07-05 17:51:52,287 ----------========== Starting session! ==========----------
2016-07-05 17:51:52,317 Display initialized
2016-07-09 18:26:40,359 ----------========== Starting session! ==========----------
2016-07-09 18:26:40,401 Display initialized
2016-07-09 19:20:25,202 ----------========== Starting session! ==========----------
2016-07-09 19:20:25,223 Display initialized
2016-07-09 19:21:36,533 ----------========== Starting session! ==========----------
2016-07-09 19:21:36,548 Display initialized
2016-07-09 19:21:56,058 ----------========== Starting session! ==========----------
2016-07-09 19:21:56,073 Display initialized
2016-07-09 19:22:07,054 ----------========== Starting session! ==========----------
2016-07-09 19:22:07,073 Display initialized
2016-07-09 20:35:32,671 ----------========== Starting session! ==========----------
2016-07-09 20:35:32,709 Display initialized
2016-07-09 20:57:15,454 ----------========== Starting session! ==========----------
2016-07-09 20:57:15,472 Display initialized
2016-07-09 22:42:14,328 ----------========== Starting session! ==========----------
2016-07-09 22:42:14,358 Display initialized
