2016-07-17 15:36:20,698 ----------========== Starting session! ==========----------
2016-07-17 15:36:20,713 Display initialized
2016-07-17 15:36:26,562 Incomming - 1492091336109
2016-07-17 15:37:19,581 Outgoing - 1492091336109
2016-07-17 15:38:02,693 Break start - 1492091336109
2016-07-17 15:38:04,832 Break end - 1492091336109
2016-07-17 15:38:08,100 Break end - 1492091336109
2016-07-17 15:38:14,678 Outgoing - 1492091336109
2016-07-17 15:40:47,117 ----------========== Starting session! ==========----------
2016-07-17 15:40:47,133 Display initialized
2016-07-17 17:35:39,836 ----------========== Starting session! ==========----------
2016-07-17 17:35:39,857 Display initialized
2016-07-17 17:57:34,955 ----------========== Starting session! ==========----------
2016-07-17 17:57:34,977 Display initialized
2016-07-17 18:15:54,041 ----------========== Starting session! ==========----------
2016-07-17 18:15:54,057 Display initialized
2016-07-17 18:20:39,527 ----------========== Starting session! ==========----------
2016-07-17 18:20:39,550 Display initialized
2016-07-17 18:23:30,815 ----------========== Starting session! ==========----------
2016-07-17 18:23:30,831 Display initialized
2016-07-17 18:23:39,862 ----------========== Starting session! ==========----------
2016-07-17 18:23:39,878 Display initialized
2016-07-17 18:44:32,236 ----------========== Starting session! ==========----------
2016-07-17 18:44:32,300 Display initialized
2016-07-17 18:51:22,727 ----------========== Starting session! ==========----------
2016-07-17 18:51:22,835 Display initialized
2016-07-17 18:51:41,725 Incomming - 1492091336109
2016-07-17 18:51:52,668 Outgoing - 1492091336109
2016-07-17 18:53:59,997 Incomming - 1492091336109
2016-07-17 18:54:07,468 Break start - 1492091336109
2016-07-17 18:54:10,550 Break end - 1492091336109
2016-07-17 18:54:13,829 Deleting last action - 1492091336109
2016-07-17 18:54:24,884  - Deleting canceled
2016-07-17 18:55:32,542 ----------========== Starting session! ==========----------
2016-07-17 18:55:32,627 Display initialized
2016-07-17 18:56:24,668 Incomming - 1492091336109
2016-07-17 18:56:31,632 Incomming - 1492091336109
2016-07-17 18:56:40,432 Break start - 1492091336109
2016-07-17 18:56:50,243 Break end - 1492091336109
2016-07-17 19:03:25,514 Incomming - 1492091336109
2016-07-17 19:15:38,352 Incomming - 1492091336109
2016-07-17 20:15:29,544 ----------========== Starting session! ==========----------
2016-07-17 20:15:29,623 Display initialized
2016-07-19 17:39:33,799 Incomming - 6510822530210
2016-07-19 17:39:56,468 Incomming - 6510822530210
2016-07-19 17:45:04,712 Incomming - 6510822530210
2016-07-19 17:45:17,784 Incomming - 6510822530210
2016-07-19 17:45:20,732 Outgoing - 6510822530210
2016-07-19 17:48:28,672 Incomming - 6510822530210
2016-07-19 17:48:31,992 Outgoing - 6510822530210
